[2021-01-10T13:51:51.516] [DEBUG] cheese - login => username:辅导辅导,password:dddddddddd
[2021-01-10T13:51:51.519] [DEBUG] cheese - 辅导辅导
[2021-01-10T13:51:51.580] [DEBUG] cheese - null
[2021-01-10T13:51:51.581] [DEBUG] cheese - null
[2021-01-10T13:52:48.843] [DEBUG] cheese - login => username:erect,password:eeeeeeeeeee
[2021-01-10T13:52:48.844] [DEBUG] cheese - erect
[2021-01-10T13:52:48.846] [DEBUG] cheese - null
[2021-01-10T13:52:48.846] [DEBUG] cheese - null
[2021-01-10T13:52:59.302] [DEBUG] cheese - login => username:呃呃呃呃呃呃,password:eeeeee
[2021-01-10T13:52:59.302] [DEBUG] cheese - 呃呃呃呃呃呃
[2021-01-10T13:52:59.306] [DEBUG] cheese - null
[2021-01-10T13:52:59.306] [DEBUG] cheese - null
[2021-01-10T13:55:44.281] [DEBUG] cheese - login => username:少时诵诗书所所,password:dddddddddd
[2021-01-10T13:55:44.281] [DEBUG] cheese - 少时诵诗书所所
[2021-01-10T13:55:44.285] [DEBUG] cheese - null
[2021-01-10T13:55:44.285] [DEBUG] cheese - null
[2021-01-10T13:56:03.653] [DEBUG] cheese - login => username:少时诵诗书所所,password:dddddddddd
[2021-01-10T13:56:03.653] [DEBUG] cheese - 少时诵诗书所所
[2021-01-10T13:56:03.664] [DEBUG] cheese - null
[2021-01-10T13:56:03.664] [DEBUG] cheese - null
[2021-01-10T13:57:48.612] [DEBUG] cheese - login => username:反反复复付,password:ffffffff
[2021-01-10T13:57:48.613] [DEBUG] cheese - 反反复复付
[2021-01-10T13:57:48.615] [DEBUG] cheese - null
[2021-01-10T13:57:48.615] [DEBUG] cheese - null
[2021-01-10T13:58:11.236] [DEBUG] cheese - login => username:反反复复,password:ddddddddddd
[2021-01-10T13:58:11.236] [DEBUG] cheese - 反反复复
[2021-01-10T13:58:11.240] [DEBUG] cheese - null
[2021-01-10T13:58:11.240] [DEBUG] cheese - null
[2021-01-10T13:59:23.400] [DEBUG] cheese - login => username:admin,password:123456
[2021-01-10T13:59:23.400] [DEBUG] cheese - admin
[2021-01-10T13:59:23.427] [DEBUG] cheese - null
[2021-01-10T13:59:23.428] [DEBUG] cheese - null
[2021-01-10T14:04:29.488] [DEBUG] cheese - login => username:发的说说,password:dddddd
[2021-01-10T14:04:29.488] [DEBUG] cheese - 发的说说
[2021-01-10T14:04:29.492] [DEBUG] cheese - null
[2021-01-10T14:04:29.492] [DEBUG] cheese - null
[2021-01-10T14:04:38.302] [DEBUG] cheese - login => username:admin,password:123456
[2021-01-10T14:04:38.302] [DEBUG] cheese - admin
[2021-01-10T14:04:38.309] [DEBUG] cheese - null
[2021-01-10T14:04:38.309] [DEBUG] cheese - null
[2021-01-10T14:07:41.350] [DEBUG] cheese - login => username:admin,password:123456
[2021-01-10T14:07:41.350] [DEBUG] cheese - admin
[2021-01-10T14:07:41.355] [DEBUG] cheese - null
[2021-01-10T14:07:41.356] [DEBUG] cheese - null
[2021-01-10T14:07:55.268] [DEBUG] cheese - login => username:admin,password:123456
[2021-01-10T14:07:55.268] [DEBUG] cheese - admin
[2021-01-10T14:07:55.272] [DEBUG] cheese - null
[2021-01-10T14:07:55.272] [DEBUG] cheese - null
[2021-01-10T14:09:43.873] [DEBUG] cheese - login => username:admin,password:123456
[2021-01-10T14:09:43.873] [DEBUG] cheese - admin
[2021-01-10T14:09:43.881] [DEBUG] cheese - null
[2021-01-10T14:09:43.881] [DEBUG] cheese - null
[2021-01-10T14:11:11.672] [DEBUG] cheese - login => username:admin,password:123456
[2021-01-10T14:11:11.672] [DEBUG] cheese - admin
[2021-01-10T14:11:11.684] [DEBUG] cheese - null
[2021-01-10T14:11:11.684] [DEBUG] cheese - null
[2021-01-10T14:14:42.335] [DEBUG] cheese - login => username:admin,password:123456
[2021-01-10T14:14:42.336] [DEBUG] cheese - admin
[2021-01-10T14:14:42.339] [DEBUG] cheese - null
[2021-01-10T14:14:42.339] [DEBUG] cheese - null
[2021-01-10T14:17:52.075] [DEBUG] cheese - login => username:admin,password:123456
[2021-01-10T14:17:52.076] [DEBUG] cheese - admin
[2021-01-10T14:17:52.083] [DEBUG] cheese - null
[2021-01-10T14:17:52.083] [DEBUG] cheese - null
[2021-01-10T14:38:03.160] [DEBUG] cheese - login => username:admin,password:123456
[2021-01-10T14:38:03.167] [DEBUG] cheese - admin
[2021-01-10T14:38:03.171] [DEBUG] cheese - null
[2021-01-10T14:38:03.171] [DEBUG] cheese - null
[2021-01-10T14:38:14.460] [DEBUG] cheese - login => username:admin,password:123456
[2021-01-10T14:38:14.460] [DEBUG] cheese - admin
[2021-01-10T14:38:14.466] [DEBUG] cheese - null
[2021-01-10T14:38:14.467] [DEBUG] cheese - null
[2021-01-10T15:11:58.146] [DEBUG] cheese - login => username:admin,password:123456
[2021-01-10T15:11:58.160] [DEBUG] cheese - admin
[2021-01-10T15:11:58.193] [DEBUG] cheese - null
[2021-01-10T15:11:58.194] [DEBUG] cheese - null
[2021-01-14T14:03:23.227] [DEBUG] cheese - login => username:admin,password:123456
[2021-01-14T14:03:23.238] [DEBUG] cheese - admin
[2021-01-14T14:03:23.299] [DEBUG] cheese - null
[2021-01-14T14:03:23.300] [DEBUG] cheese - null
[2021-01-14T14:07:18.064] [DEBUG] cheese - login => username:admin,password:123456
[2021-01-14T14:07:18.065] [DEBUG] cheese - admin
[2021-01-14T14:07:18.081] [DEBUG] cheese - null
[2021-01-14T14:07:18.081] [DEBUG] cheese - null
[2021-01-14T14:08:24.393] [DEBUG] cheese - login => username:admin,password:123456
[2021-01-14T14:08:24.393] [DEBUG] cheese - admin
[2021-01-14T14:08:24.396] [DEBUG] cheese - null
[2021-01-14T14:08:24.396] [DEBUG] cheese - null
[2021-01-14T14:10:28.893] [DEBUG] cheese - login => username:admin,password:123456
[2021-01-14T14:10:28.894] [DEBUG] cheese - admin
[2021-01-14T14:10:28.901] [DEBUG] cheese - null
[2021-01-14T14:10:28.901] [DEBUG] cheese - null
[2021-01-16T16:22:01.224] [DEBUG] cheese - login => username:admin,password:123456
[2021-01-16T16:22:01.234] [DEBUG] cheese - admin
[2021-01-16T16:22:01.305] [DEBUG] cheese - null
[2021-01-16T16:22:01.306] [DEBUG] cheese - null
[2021-01-31T14:40:23.680] [DEBUG] cheese - login => username:admin,password:123456
[2021-01-31T14:40:23.686] [DEBUG] cheese - admin
[2021-01-31T14:40:23.762] [DEBUG] cheese - null
[2021-01-31T14:40:23.763] [DEBUG] cheese - null
[2021-02-05T15:10:49.066] [DEBUG] cheese - login => username:admin,password:123456
[2021-02-05T15:10:49.075] [DEBUG] cheese - admin
[2021-02-05T15:10:49.169] [DEBUG] cheese - null
[2021-02-05T15:10:49.170] [DEBUG] cheese - null
[2021-02-09T10:20:17.789] [DEBUG] cheese - login => username:admin,password:123456
[2021-02-09T10:20:17.794] [DEBUG] cheese - admin
[2021-02-09T10:20:17.850] [DEBUG] cheese - null
[2021-02-09T10:20:17.850] [DEBUG] cheese - null
[2021-02-09T13:19:01.153] [DEBUG] cheese - login => username:admin,password:123456
[2021-02-09T13:19:01.167] [DEBUG] cheese - admin
[2021-02-09T13:19:01.214] [DEBUG] cheese - null
[2021-02-09T13:19:01.215] [DEBUG] cheese - null
[2021-02-09T15:48:00.071] [DEBUG] cheese - null
[2021-02-10T13:23:54.028] [DEBUG] cheese - login => username:admin,password:123456
[2021-02-10T13:23:54.036] [DEBUG] cheese - admin
[2021-02-10T13:23:54.084] [DEBUG] cheese - null
[2021-02-10T13:23:54.084] [DEBUG] cheese - null
[2021-02-13T15:54:49.796] [DEBUG] cheese - login => username:admin,password:123456
[2021-02-13T15:54:49.800] [DEBUG] cheese - admin
[2021-02-13T15:54:49.843] [DEBUG] cheese - null
[2021-02-13T15:54:49.843] [DEBUG] cheese - null
[2021-02-15T17:40:40.707] [DEBUG] cheese - login => username:admin,password:123456
[2021-02-15T17:40:40.723] [DEBUG] cheese - admin
[2021-02-15T17:40:40.818] [DEBUG] cheese - null
[2021-02-15T17:40:40.818] [DEBUG] cheese - null
[2021-02-17T09:54:41.664] [DEBUG] cheese - login => username:admin,password:123456
[2021-02-17T09:54:41.680] [DEBUG] cheese - admin
[2021-02-17T09:54:41.725] [DEBUG] cheese - null
[2021-02-17T09:54:41.725] [DEBUG] cheese - null
[2021-02-17T10:25:43.309] [DEBUG] cheese - null
[2021-02-19T14:54:21.689] [DEBUG] cheese - login => username:admin,password:123456
[2021-02-19T14:54:21.697] [DEBUG] cheese - admin
[2021-02-19T14:54:21.824] [DEBUG] cheese - null
[2021-02-19T14:54:21.825] [DEBUG] cheese - null
[2021-02-19T14:57:53.596] [DEBUG] cheese - login => username:admin,password:123456
[2021-02-19T14:57:53.597] [DEBUG] cheese - admin
[2021-02-19T14:57:53.604] [DEBUG] cheese - null
[2021-02-19T14:57:53.604] [DEBUG] cheese - null
[2021-02-19T15:08:59.853] [DEBUG] cheese - login => username:admin,password:123456
[2021-02-19T15:08:59.857] [DEBUG] cheese - admin
[2021-02-19T15:08:59.871] [DEBUG] cheese - null
[2021-02-19T15:08:59.871] [DEBUG] cheese - null
[2021-02-19T15:37:53.363] [DEBUG] cheese - login => username:admin,password:123456
[2021-02-19T15:37:53.365] [DEBUG] cheese - admin
[2021-02-19T15:37:53.378] [DEBUG] cheese - null
[2021-02-19T15:37:53.379] [DEBUG] cheese - null
[2021-02-19T16:14:09.976] [DEBUG] cheese - login => username:admin,password:123456
[2021-02-19T16:14:09.978] [DEBUG] cheese - admin
[2021-02-19T16:14:09.998] [DEBUG] cheese - null
[2021-02-19T16:14:09.998] [DEBUG] cheese - null
[2021-02-20T22:18:40.215] [DEBUG] cheese - login => username:admin,password:123456
[2021-02-20T22:18:40.223] [DEBUG] cheese - admin
[2021-02-20T22:18:40.257] [DEBUG] cheese - null
[2021-02-20T22:18:40.258] [DEBUG] cheese - null
[2021-02-20T23:27:06.657] [DEBUG] cheese - login => username:admin,password:123456
[2021-02-20T23:27:06.659] [DEBUG] cheese - admin
[2021-02-20T23:27:06.677] [DEBUG] cheese - null
[2021-02-20T23:27:06.678] [DEBUG] cheese - null
